<?xml version="1.0" encoding="UTF-8"?>
<testng-results skipped="0" failed="0" ignored="0" total="6" passed="6">
  <reporter-output>
  </reporter-output>
  <suite name="Suite" duration-ms="22609" started-at="2018-09-25T12:55:03Z" finished-at="2018-09-25T12:55:25Z">
    <groups>
    </groups>
    <test name="Test2" duration-ms="22371" started-at="2018-09-25T12:55:03Z" finished-at="2018-09-25T12:55:25Z">
      <class name="all.Paralleltest">
        <test-method status="PASS" signature="launch(java.lang.String)[pri:0, instance:all.Paralleltest@3ecd23d9]" name="launch" duration-ms="15583" started-at="2018-09-25T12:55:03Z" finished-at="2018-09-25T12:55:18Z">
          <params>
            <param index="0">
              <value>
                <![CDATA[firefox]]>
              </value>
            </param>
          </params>
          <reporter-output>
          </reporter-output>
        </test-method> <!-- launch -->
        <test-method status="PASS" signature="search(java.lang.String)[pri:1, instance:all.Paralleltest@3ecd23d9]" name="search" duration-ms="5076" started-at="2018-09-25T12:55:18Z" depends-on-methods="all.Paralleltest.launch" finished-at="2018-09-25T12:55:23Z">
          <params>
            <param index="0">
              <value>
                <![CDATA[appium]]>
              </value>
            </param>
          </params>
          <reporter-output>
          </reporter-output>
        </test-method> <!-- search -->
        <test-method status="PASS" signature="close()[pri:2, instance:all.Paralleltest@3ecd23d9]" name="close" duration-ms="1671" started-at="2018-09-25T12:55:23Z" depends-on-methods="all.Paralleltest.search" finished-at="2018-09-25T12:55:25Z">
          <reporter-output>
          </reporter-output>
        </test-method> <!-- close -->
      </class> <!-- all.Paralleltest -->
    </test> <!-- Test2 -->
    <test name="Test1" duration-ms="22609" started-at="2018-09-25T12:55:03Z" finished-at="2018-09-25T12:55:25Z">
      <class name="all.Paralleltest">
        <test-method status="PASS" signature="launch(java.lang.String)[pri:0, instance:all.Paralleltest@7b69c6ba]" name="launch" duration-ms="11782" started-at="2018-09-25T12:55:03Z" finished-at="2018-09-25T12:55:14Z">
          <params>
            <param index="0">
              <value>
                <![CDATA[chrome]]>
              </value>
            </param>
          </params>
          <reporter-output>
          </reporter-output>
        </test-method> <!-- launch -->
        <test-method status="PASS" signature="search(java.lang.String)[pri:1, instance:all.Paralleltest@7b69c6ba]" name="search" duration-ms="8450" started-at="2018-09-25T12:55:14Z" depends-on-methods="all.Paralleltest.launch" finished-at="2018-09-25T12:55:23Z">
          <params>
            <param index="0">
              <value>
                <![CDATA[kalam]]>
              </value>
            </param>
          </params>
          <reporter-output>
          </reporter-output>
        </test-method> <!-- search -->
        <test-method status="PASS" signature="close()[pri:2, instance:all.Paralleltest@7b69c6ba]" name="close" duration-ms="2325" started-at="2018-09-25T12:55:23Z" depends-on-methods="all.Paralleltest.search" finished-at="2018-09-25T12:55:25Z">
          <reporter-output>
          </reporter-output>
        </test-method> <!-- close -->
      </class> <!-- all.Paralleltest -->
    </test> <!-- Test1 -->
  </suite> <!-- Suite -->
</testng-results>
